Determining if the pthread_create exist failed with the following output:
Change Dir: /home/rmp/catkin_ws/build_isolated/libsegwayrmp/devel/CMakeFiles/CMakeTmp

Run Build Command:"/usr/bin/make" "cmTC_3098b/fast"
/usr/bin/make -f CMakeFiles/cmTC_3098b.dir/build.make CMakeFiles/cmTC_3098b.dir/build
make[1]: Entering directory '/home/rmp/catkin_ws/build_isolated/libsegwayrmp/devel/CMakeFiles/CMakeTmp'
Building C object CMakeFiles/cmTC_3098b.dir/CheckSymbolExists.c.o
/usr/bin/cc     -o CMakeFiles/cmTC_3098b.dir/CheckSymbolExists.c.o   -c /home/rmp/catkin_ws/build_isolated/libsegwayrmp/devel/CMakeFiles/CMakeTmp/CheckSymbolExists.c
Linking C executable cmTC_3098b
/usr/bin/cmake -E cmake_link_script CMakeFiles/cmTC_3098b.dir/link.txt --verbose=1
/usr/bin/cc       CMakeFiles/cmTC_3098b.dir/CheckSymbolExists.c.o  -o cmTC_3098b -rdynamic 
CMakeFiles/cmTC_3098b.dir/CheckSymbolExists.c.o: In function `main':
CheckSymbolExists.c:(.text+0xa): undefined reference to `pthread_create'
collect2: error: ld returned 1 exit status
CMakeFiles/cmTC_3098b.dir/build.make:97: recipe for target 'cmTC_3098b' failed
make[1]: *** [cmTC_3098b] Error 1
make[1]: Leaving directory '/home/rmp/catkin_ws/build_isolated/libsegwayrmp/devel/CMakeFiles/CMakeTmp'
Makefile:126: recipe for target 'cmTC_3098b/fast' failed
make: *** [cmTC_3098b/fast] Error 2

File /home/rmp/catkin_ws/build_isolated/libsegwayrmp/devel/CMakeFiles/CMakeTmp/CheckSymbolExists.c:
/* */
#include <pthread.h>

int main(int argc, char** argv)
{
  (void)argv;
#ifndef pthread_create
  return ((int*)(&pthread_create))[argc];
#else
  (void)argc;
  return 0;
#endif
}

Determining if the function pthread_create exists in the pthreads failed with the following output:
Change Dir: /home/rmp/catkin_ws/build_isolated/libsegwayrmp/devel/CMakeFiles/CMakeTmp

Run Build Command:"/usr/bin/make" "cmTC_9a9a4/fast"
/usr/bin/make -f CMakeFiles/cmTC_9a9a4.dir/build.make CMakeFiles/cmTC_9a9a4.dir/build
make[1]: Entering directory '/home/rmp/catkin_ws/build_isolated/libsegwayrmp/devel/CMakeFiles/CMakeTmp'
Building C object CMakeFiles/cmTC_9a9a4.dir/CheckFunctionExists.c.o
/usr/bin/cc    -DCHECK_FUNCTION_EXISTS=pthread_create   -o CMakeFiles/cmTC_9a9a4.dir/CheckFunctionExists.c.o   -c /usr/share/cmake-3.5/Modules/CheckFunctionExists.c
Linking C executable cmTC_9a9a4
/usr/bin/cmake -E cmake_link_script CMakeFiles/cmTC_9a9a4.dir/link.txt --verbose=1
/usr/bin/cc   -DCHECK_FUNCTION_EXISTS=pthread_create    CMakeFiles/cmTC_9a9a4.dir/CheckFunctionExists.c.o  -o cmTC_9a9a4 -rdynamic -lpthreads 
/usr/bin/ld: cannot find -lpthreads
collect2: error: ld returned 1 exit status
CMakeFiles/cmTC_9a9a4.dir/build.make:97: recipe for target 'cmTC_9a9a4' failed
make[1]: *** [cmTC_9a9a4] Error 1
make[1]: Leaving directory '/home/rmp/catkin_ws/build_isolated/libsegwayrmp/devel/CMakeFiles/CMakeTmp'
Makefile:126: recipe for target 'cmTC_9a9a4/fast' failed
make: *** [cmTC_9a9a4/fast] Error 2


Determining if the Q_WS_WIN exist failed with the following output:
Change Dir: /home/rmp/catkin_ws/build_isolated/libsegwayrmp/devel/CMakeFiles/CMakeTmp

Run Build Command:"/usr/bin/make" "cmTC_586a0/fast"
/usr/bin/make -f CMakeFiles/cmTC_586a0.dir/build.make CMakeFiles/cmTC_586a0.dir/build
make[1]: Entering directory '/home/rmp/catkin_ws/build_isolated/libsegwayrmp/devel/CMakeFiles/CMakeTmp'
Building CXX object CMakeFiles/cmTC_586a0.dir/CheckSymbolExists.cxx.o
/usr/bin/c++    -I/usr/include/qt4   -o CMakeFiles/cmTC_586a0.dir/CheckSymbolExists.cxx.o -c /home/rmp/catkin_ws/build_isolated/libsegwayrmp/devel/CMakeFiles/CMakeTmp/CheckSymbolExists.cxx
/home/rmp/catkin_ws/build_isolated/libsegwayrmp/devel/CMakeFiles/CMakeTmp/CheckSymbolExists.cxx: In function ‘int main(int, char**)’:
/home/rmp/catkin_ws/build_isolated/libsegwayrmp/devel/CMakeFiles/CMakeTmp/CheckSymbolExists.cxx:8:19: error: ‘Q_WS_WIN’ was not declared in this scope
   return ((int*)(&Q_WS_WIN))[argc];
                   ^
CMakeFiles/cmTC_586a0.dir/build.make:65: recipe for target 'CMakeFiles/cmTC_586a0.dir/CheckSymbolExists.cxx.o' failed
make[1]: *** [CMakeFiles/cmTC_586a0.dir/CheckSymbolExists.cxx.o] Error 1
make[1]: Leaving directory '/home/rmp/catkin_ws/build_isolated/libsegwayrmp/devel/CMakeFiles/CMakeTmp'
Makefile:126: recipe for target 'cmTC_586a0/fast' failed
make: *** [cmTC_586a0/fast] Error 2

File /home/rmp/catkin_ws/build_isolated/libsegwayrmp/devel/CMakeFiles/CMakeTmp/CheckSymbolExists.cxx:
/* */
#include <QtCore/qglobal.h>

int main(int argc, char** argv)
{
  (void)argv;
#ifndef Q_WS_WIN
  return ((int*)(&Q_WS_WIN))[argc];
#else
  (void)argc;
  return 0;
#endif
}

Determining if the Q_WS_QWS exist failed with the following output:
Change Dir: /home/rmp/catkin_ws/build_isolated/libsegwayrmp/devel/CMakeFiles/CMakeTmp

Run Build Command:"/usr/bin/make" "cmTC_c39f0/fast"
/usr/bin/make -f CMakeFiles/cmTC_c39f0.dir/build.make CMakeFiles/cmTC_c39f0.dir/build
make[1]: Entering directory '/home/rmp/catkin_ws/build_isolated/libsegwayrmp/devel/CMakeFiles/CMakeTmp'
Building CXX object CMakeFiles/cmTC_c39f0.dir/CheckSymbolExists.cxx.o
/usr/bin/c++    -I/usr/include/qt4   -o CMakeFiles/cmTC_c39f0.dir/CheckSymbolExists.cxx.o -c /home/rmp/catkin_ws/build_isolated/libsegwayrmp/devel/CMakeFiles/CMakeTmp/CheckSymbolExists.cxx
/home/rmp/catkin_ws/build_isolated/libsegwayrmp/devel/CMakeFiles/CMakeTmp/CheckSymbolExists.cxx: In function ‘int main(int, char**)’:
/home/rmp/catkin_ws/build_isolated/libsegwayrmp/devel/CMakeFiles/CMakeTmp/CheckSymbolExists.cxx:8:19: error: ‘Q_WS_QWS’ was not declared in this scope
   return ((int*)(&Q_WS_QWS))[argc];
                   ^
CMakeFiles/cmTC_c39f0.dir/build.make:65: recipe for target 'CMakeFiles/cmTC_c39f0.dir/CheckSymbolExists.cxx.o' failed
make[1]: *** [CMakeFiles/cmTC_c39f0.dir/CheckSymbolExists.cxx.o] Error 1
make[1]: Leaving directory '/home/rmp/catkin_ws/build_isolated/libsegwayrmp/devel/CMakeFiles/CMakeTmp'
Makefile:126: recipe for target 'cmTC_c39f0/fast' failed
make: *** [cmTC_c39f0/fast] Error 2

File /home/rmp/catkin_ws/build_isolated/libsegwayrmp/devel/CMakeFiles/CMakeTmp/CheckSymbolExists.cxx:
/* */
#include <QtCore/qglobal.h>

int main(int argc, char** argv)
{
  (void)argv;
#ifndef Q_WS_QWS
  return ((int*)(&Q_WS_QWS))[argc];
#else
  (void)argc;
  return 0;
#endif
}

Determining if the Q_WS_MAC exist failed with the following output:
Change Dir: /home/rmp/catkin_ws/build_isolated/libsegwayrmp/devel/CMakeFiles/CMakeTmp

Run Build Command:"/usr/bin/make" "cmTC_a7ed6/fast"
/usr/bin/make -f CMakeFiles/cmTC_a7ed6.dir/build.make CMakeFiles/cmTC_a7ed6.dir/build
make[1]: Entering directory '/home/rmp/catkin_ws/build_isolated/libsegwayrmp/devel/CMakeFiles/CMakeTmp'
Building CXX object CMakeFiles/cmTC_a7ed6.dir/CheckSymbolExists.cxx.o
/usr/bin/c++    -I/usr/include/qt4   -o CMakeFiles/cmTC_a7ed6.dir/CheckSymbolExists.cxx.o -c /home/rmp/catkin_ws/build_isolated/libsegwayrmp/devel/CMakeFiles/CMakeTmp/CheckSymbolExists.cxx
/home/rmp/catkin_ws/build_isolated/libsegwayrmp/devel/CMakeFiles/CMakeTmp/CheckSymbolExists.cxx: In function ‘int main(int, char**)’:
/home/rmp/catkin_ws/build_isolated/libsegwayrmp/devel/CMakeFiles/CMakeTmp/CheckSymbolExists.cxx:8:19: error: ‘Q_WS_MAC’ was not declared in this scope
   return ((int*)(&Q_WS_MAC))[argc];
                   ^
CMakeFiles/cmTC_a7ed6.dir/build.make:65: recipe for target 'CMakeFiles/cmTC_a7ed6.dir/CheckSymbolExists.cxx.o' failed
make[1]: *** [CMakeFiles/cmTC_a7ed6.dir/CheckSymbolExists.cxx.o] Error 1
make[1]: Leaving directory '/home/rmp/catkin_ws/build_isolated/libsegwayrmp/devel/CMakeFiles/CMakeTmp'
Makefile:126: recipe for target 'cmTC_a7ed6/fast' failed
make: *** [cmTC_a7ed6/fast] Error 2

File /home/rmp/catkin_ws/build_isolated/libsegwayrmp/devel/CMakeFiles/CMakeTmp/CheckSymbolExists.cxx:
/* */
#include <QtCore/qglobal.h>

int main(int argc, char** argv)
{
  (void)argv;
#ifndef Q_WS_MAC
  return ((int*)(&Q_WS_MAC))[argc];
#else
  (void)argc;
  return 0;
#endif
}

